Determining if the pthread_create exist failed with the following output:
Change Dir: /home/zt/code/cpp/cv2/opencv_lena/CMakeFiles/CMakeTmp

Run Build Command:"/usr/bin/make" "cmTC_97b58/fast"
/usr/bin/make -f CMakeFiles/cmTC_97b58.dir/build.make CMakeFiles/cmTC_97b58.dir/build
make[1]: Entering directory '/home/zt/code/cpp/cv2/opencv_lena/CMakeFiles/CMakeTmp'
Building C object CMakeFiles/cmTC_97b58.dir/CheckSymbolExists.c.o
/usr/bin/cc   -fPIC    -o CMakeFiles/cmTC_97b58.dir/CheckSymbolExists.c.o   -c /home/zt/code/cpp/cv2/opencv_lena/CMakeFiles/CMakeTmp/CheckSymbolExists.c
Linking C executable cmTC_97b58
/usr/bin/cmake -E cmake_link_script CMakeFiles/cmTC_97b58.dir/link.txt --verbose=1
/usr/bin/cc -fPIC     -rdynamic CMakeFiles/cmTC_97b58.dir/CheckSymbolExists.c.o  -o cmTC_97b58 
CMakeFiles/cmTC_97b58.dir/CheckSymbolExists.c.o: In function `main':
CheckSymbolExists.c:(.text+0x14): undefined reference to `pthread_create'
CheckSymbolExists.c:(.text+0x18): undefined reference to `pthread_create'
collect2: error: ld returned 1 exit status
CMakeFiles/cmTC_97b58.dir/build.make:97: recipe for target 'cmTC_97b58' failed
make[1]: *** [cmTC_97b58] Error 1
make[1]: Leaving directory '/home/zt/code/cpp/cv2/opencv_lena/CMakeFiles/CMakeTmp'
Makefile:126: recipe for target 'cmTC_97b58/fast' failed
make: *** [cmTC_97b58/fast] Error 2

File /home/zt/code/cpp/cv2/opencv_lena/CMakeFiles/CMakeTmp/CheckSymbolExists.c:
/* */
#include <pthread.h>

int main(int argc, char** argv)
{
  (void)argv;
#ifndef pthread_create
  return ((int*)(&pthread_create))[argc];
#else
  (void)argc;
  return 0;
#endif
}

Determining if the function pthread_create exists in the pthreads failed with the following output:
Change Dir: /home/zt/code/cpp/cv2/opencv_lena/CMakeFiles/CMakeTmp

Run Build Command:"/usr/bin/make" "cmTC_e5516/fast"
/usr/bin/make -f CMakeFiles/cmTC_e5516.dir/build.make CMakeFiles/cmTC_e5516.dir/build
make[1]: Entering directory '/home/zt/code/cpp/cv2/opencv_lena/CMakeFiles/CMakeTmp'
Building C object CMakeFiles/cmTC_e5516.dir/CheckFunctionExists.c.o
/usr/bin/cc   -fPIC -DCHECK_FUNCTION_EXISTS=pthread_create   -o CMakeFiles/cmTC_e5516.dir/CheckFunctionExists.c.o   -c /usr/share/cmake-3.10/Modules/CheckFunctionExists.c
Linking C executable cmTC_e5516
/usr/bin/cmake -E cmake_link_script CMakeFiles/cmTC_e5516.dir/link.txt --verbose=1
/usr/bin/cc -fPIC -DCHECK_FUNCTION_EXISTS=pthread_create    -rdynamic CMakeFiles/cmTC_e5516.dir/CheckFunctionExists.c.o  -o cmTC_e5516 -lpthreads 
/usr/bin/ld: cannot find -lpthreads
collect2: error: ld returned 1 exit status
CMakeFiles/cmTC_e5516.dir/build.make:97: recipe for target 'cmTC_e5516' failed
make[1]: *** [cmTC_e5516] Error 1
make[1]: Leaving directory '/home/zt/code/cpp/cv2/opencv_lena/CMakeFiles/CMakeTmp'
Makefile:126: recipe for target 'cmTC_e5516/fast' failed
make: *** [cmTC_e5516/fast] Error 2


Determining if the pthread_create exist failed with the following output:
Change Dir: /home/zt/code/cpp/cv2/display_image/CMakeFiles/CMakeTmp

Run Build Command:"/usr/bin/make" "cmTC_3cf26/fast"
/usr/bin/make -f CMakeFiles/cmTC_3cf26.dir/build.make CMakeFiles/cmTC_3cf26.dir/build
make[1]: Entering directory '/home/zt/code/cpp/cv2/display_image/CMakeFiles/CMakeTmp'
Building C object CMakeFiles/cmTC_3cf26.dir/CheckSymbolExists.c.o
/usr/bin/cc   -fPIC    -o CMakeFiles/cmTC_3cf26.dir/CheckSymbolExists.c.o   -c /home/zt/code/cpp/cv2/display_image/CMakeFiles/CMakeTmp/CheckSymbolExists.c
Linking C executable cmTC_3cf26
/usr/bin/cmake -E cmake_link_script CMakeFiles/cmTC_3cf26.dir/link.txt --verbose=1
/usr/bin/cc -fPIC     -rdynamic CMakeFiles/cmTC_3cf26.dir/CheckSymbolExists.c.o  -o cmTC_3cf26 
CMakeFiles/cmTC_3cf26.dir/CheckSymbolExists.c.o: In function `main':
CheckSymbolExists.c:(.text+0x14): undefined reference to `pthread_create'
CheckSymbolExists.c:(.text+0x18): undefined reference to `pthread_create'
collect2: error: ld returned 1 exit status
CMakeFiles/cmTC_3cf26.dir/build.make:97: recipe for target 'cmTC_3cf26' failed
make[1]: *** [cmTC_3cf26] Error 1
make[1]: Leaving directory '/home/zt/code/cpp/cv2/display_image/CMakeFiles/CMakeTmp'
Makefile:126: recipe for target 'cmTC_3cf26/fast' failed
make: *** [cmTC_3cf26/fast] Error 2

File /home/zt/code/cpp/cv2/display_image/CMakeFiles/CMakeTmp/CheckSymbolExists.c:
/* */
#include <pthread.h>

int main(int argc, char** argv)
{
  (void)argv;
#ifndef pthread_create
  return ((int*)(&pthread_create))[argc];
#else
  (void)argc;
  return 0;
#endif
}

Determining if the function pthread_create exists in the pthreads failed with the following output:
Change Dir: /home/zt/code/cpp/cv2/display_image/CMakeFiles/CMakeTmp

Run Build Command:"/usr/bin/make" "cmTC_55fc7/fast"
/usr/bin/make -f CMakeFiles/cmTC_55fc7.dir/build.make CMakeFiles/cmTC_55fc7.dir/build
make[1]: Entering directory '/home/zt/code/cpp/cv2/display_image/CMakeFiles/CMakeTmp'
Building C object CMakeFiles/cmTC_55fc7.dir/CheckFunctionExists.c.o
/usr/bin/cc   -fPIC -DCHECK_FUNCTION_EXISTS=pthread_create   -o CMakeFiles/cmTC_55fc7.dir/CheckFunctionExists.c.o   -c /usr/share/cmake-3.10/Modules/CheckFunctionExists.c
Linking C executable cmTC_55fc7
/usr/bin/cmake -E cmake_link_script CMakeFiles/cmTC_55fc7.dir/link.txt --verbose=1
/usr/bin/cc -fPIC -DCHECK_FUNCTION_EXISTS=pthread_create    -rdynamic CMakeFiles/cmTC_55fc7.dir/CheckFunctionExists.c.o  -o cmTC_55fc7 -lpthreads 
/usr/bin/ld: cannot find -lpthreads
collect2: error: ld returned 1 exit status
CMakeFiles/cmTC_55fc7.dir/build.make:97: recipe for target 'cmTC_55fc7' failed
make[1]: *** [cmTC_55fc7] Error 1
make[1]: Leaving directory '/home/zt/code/cpp/cv2/display_image/CMakeFiles/CMakeTmp'
Makefile:126: recipe for target 'cmTC_55fc7/fast' failed
make: *** [cmTC_55fc7/fast] Error 2


